<?xml version="1.0" encoding="UTF-8"?>
<coverage generated="1767594998973" clover="3.2.0">
  <project timestamp="1767594998973" name="All files">
    <metrics statements="108" coveredstatements="85" conditionals="22" coveredconditionals="20" methods="22" coveredmethods="9" elements="152" coveredelements="114" complexity="0" loc="108" ncloc="108" packages="6" files="13" classes="13"/>
    <package name="PO-Jobs-api">
      <metrics statements="7" coveredstatements="7" conditionals="0" coveredconditionals="0" methods="0" coveredmethods="0"/>
      <file name="app.js" path="C:\Users\User\Desktop\javascript-platform-Oak\week-14\PO-Jobs-api\app.js">
        <metrics statements="7" coveredstatements="7" conditionals="0" coveredconditionals="0" methods="0" coveredmethods="0"/>
        <line num="1" count="2" type="stmt"/>
        <line num="2" count="2" type="stmt"/>
        <line num="4" count="2" type="stmt"/>
        <line num="6" count="2" type="stmt"/>
        <line num="7" count="2" type="stmt"/>
        <line num="8" count="2" type="stmt"/>
        <line num="10" count="2" type="stmt"/>
      </file>
    </package>
    <package name="PO-Jobs-api.config">
      <metrics statements="3" coveredstatements="3" conditionals="8" coveredconditionals="8" methods="0" coveredmethods="0"/>
      <file name="db.js" path="C:\Users\User\Desktop\javascript-platform-Oak\week-14\PO-Jobs-api\config\db.js">
        <metrics statements="3" coveredstatements="3" conditionals="8" coveredconditionals="8" methods="0" coveredmethods="0"/>
        <line num="1" count="2" type="stmt"/>
        <line num="3" count="2" type="stmt"/>
        <line num="10" count="2" type="stmt"/>
      </file>
    </package>
    <package name="PO-Jobs-api.controllers">
      <metrics statements="38" coveredstatements="23" conditionals="6" coveredconditionals="5" methods="10" coveredmethods="3"/>
      <file name="application.controller.js" path="C:\Users\User\Desktop\javascript-platform-Oak\week-14\PO-Jobs-api\controllers\application.controller.js">
        <metrics statements="11" coveredstatements="4" conditionals="0" coveredconditionals="0" methods="3" coveredmethods="0"/>
        <line num="1" count="2" type="stmt"/>
        <line num="3" count="2" type="stmt"/>
        <line num="4" count="0" type="stmt"/>
        <line num="5" count="0" type="stmt"/>
        <line num="6" count="0" type="stmt"/>
        <line num="9" count="2" type="stmt"/>
        <line num="10" count="0" type="stmt"/>
        <line num="11" count="0" type="stmt"/>
        <line num="14" count="2" type="stmt"/>
        <line num="15" count="0" type="stmt"/>
        <line num="16" count="0" type="stmt"/>
      </file>
      <file name="auth.controller.js" path="C:\Users\User\Desktop\javascript-platform-Oak\week-14\PO-Jobs-api\controllers\auth.controller.js">
        <metrics statements="11" coveredstatements="9" conditionals="6" coveredconditionals="5" methods="2" coveredmethods="1"/>
        <line num="1" count="2" type="stmt"/>
        <line num="2" count="2" type="stmt"/>
        <line num="4" count="2" type="stmt"/>
        <line num="5" count="3" type="stmt"/>
        <line num="7" count="3" type="cond" truecount="3" falsecount="1"/>
        <line num="8" count="0" type="stmt"/>
        <line num="11" count="3" type="stmt"/>
        <line num="13" count="3" type="stmt"/>
        <line num="19" count="3" type="stmt"/>
        <line num="22" count="2" type="stmt"/>
        <line num="23" count="0" type="stmt"/>
      </file>
      <file name="job.controller.js" path="C:\Users\User\Desktop\javascript-platform-Oak\week-14\PO-Jobs-api\controllers\job.controller.js">
        <metrics statements="16" coveredstatements="10" conditionals="0" coveredconditionals="0" methods="5" coveredmethods="2"/>
        <line num="1" count="3" type="stmt"/>
        <line num="3" count="3" type="stmt"/>
        <line num="4" count="2" type="stmt"/>
        <line num="5" count="2" type="stmt"/>
        <line num="8" count="3" type="stmt"/>
        <line num="9" count="0" type="stmt"/>
        <line num="10" count="0" type="stmt"/>
        <line num="13" count="3" type="stmt"/>
        <line num="14" count="1" type="stmt"/>
        <line num="15" count="1" type="stmt"/>
        <line num="18" count="3" type="stmt"/>
        <line num="19" count="0" type="stmt"/>
        <line num="20" count="0" type="stmt"/>
        <line num="23" count="3" type="stmt"/>
        <line num="24" count="0" type="stmt"/>
        <line num="25" count="0" type="stmt"/>
      </file>
    </package>
    <package name="PO-Jobs-api.middleware">
      <metrics statements="16" coveredstatements="14" conditionals="6" coveredconditionals="5" methods="3" coveredmethods="3"/>
      <file name="auth.middleware.js" path="C:\Users\User\Desktop\javascript-platform-Oak\week-14\PO-Jobs-api\middleware\auth.middleware.js">
        <metrics statements="11" coveredstatements="9" conditionals="4" coveredconditionals="3" methods="1" coveredmethods="1"/>
        <line num="1" count="2" type="stmt"/>
        <line num="3" count="2" type="stmt"/>
        <line num="4" count="2" type="stmt"/>
        <line num="6" count="2" type="cond" truecount="1" falsecount="1"/>
        <line num="7" count="0" type="stmt"/>
        <line num="10" count="2" type="stmt"/>
        <line num="12" count="2" type="stmt"/>
        <line num="13" count="2" type="stmt"/>
        <line num="17" count="2" type="stmt"/>
        <line num="18" count="2" type="stmt"/>
        <line num="20" count="0" type="stmt"/>
      </file>
      <file name="role.middleware.js" path="C:\Users\User\Desktop\javascript-platform-Oak\week-14\PO-Jobs-api\middleware\role.middleware.js">
        <metrics statements="5" coveredstatements="5" conditionals="2" coveredconditionals="2" methods="2" coveredmethods="2"/>
        <line num="1" count="2" type="stmt"/>
        <line num="2" count="14" type="stmt"/>
        <line num="3" count="2" type="cond" truecount="2" falsecount="0"/>
        <line num="4" count="1" type="stmt"/>
        <line num="6" count="1" type="stmt"/>
      </file>
    </package>
    <package name="PO-Jobs-api.models">
      <metrics statements="21" coveredstatements="15" conditionals="2" coveredconditionals="2" methods="9" coveredmethods="3"/>
      <file name="application.model.js" path="C:\Users\User\Desktop\javascript-platform-Oak\week-14\PO-Jobs-api\models\application.model.js">
        <metrics statements="6" coveredstatements="3" conditionals="0" coveredconditionals="0" methods="3" coveredmethods="0"/>
        <line num="1" count="2" type="stmt"/>
        <line num="2" count="0" type="stmt"/>
        <line num="10" count="2" type="stmt"/>
        <line num="11" count="0" type="stmt"/>
        <line num="14" count="2" type="stmt"/>
        <line num="15" count="0" type="stmt"/>
      </file>
      <file name="job.model.js" path="C:\Users\User\Desktop\javascript-platform-Oak\week-14\PO-Jobs-api\models\job.model.js">
        <metrics statements="10" coveredstatements="7" conditionals="0" coveredconditionals="0" methods="5" coveredmethods="2"/>
        <line num="1" count="3" type="stmt"/>
        <line num="2" count="2" type="stmt"/>
        <line num="8" count="3" type="stmt"/>
        <line num="9" count="0" type="stmt"/>
        <line num="15" count="3" type="stmt"/>
        <line num="16" count="1" type="stmt"/>
        <line num="19" count="3" type="stmt"/>
        <line num="20" count="0" type="stmt"/>
        <line num="23" count="3" type="stmt"/>
        <line num="24" count="0" type="stmt"/>
      </file>
      <file name="user.model.js" path="C:\Users\User\Desktop\javascript-platform-Oak\week-14\PO-Jobs-api\models\user.model.js">
        <metrics statements="5" coveredstatements="5" conditionals="2" coveredconditionals="2" methods="1" coveredmethods="1"/>
        <line num="1" count="2" type="stmt"/>
        <line num="3" count="2" type="stmt"/>
        <line num="4" count="3" type="cond" truecount="2" falsecount="0"/>
        <line num="5" count="2" type="stmt"/>
        <line num="7" count="1" type="stmt"/>
      </file>
    </package>
    <package name="PO-Jobs-api.routes">
      <metrics statements="23" coveredstatements="23" conditionals="0" coveredconditionals="0" methods="0" coveredmethods="0"/>
      <file name="application.routes.js" path="C:\Users\User\Desktop\javascript-platform-Oak\week-14\PO-Jobs-api\routes\application.routes.js">
        <metrics statements="8" coveredstatements="8" conditionals="0" coveredconditionals="0" methods="0" coveredmethods="0"/>
        <line num="1" count="2" type="stmt"/>
        <line num="2" count="2" type="stmt"/>
        <line num="3" count="2" type="stmt"/>
        <line num="4" count="2" type="stmt"/>
        <line num="6" count="2" type="stmt"/>
        <line num="7" count="2" type="stmt"/>
        <line num="8" count="2" type="stmt"/>
        <line num="10" count="2" type="stmt"/>
      </file>
      <file name="auth.routes.js" path="C:\Users\User\Desktop\javascript-platform-Oak\week-14\PO-Jobs-api\routes\auth.routes.js">
        <metrics statements="5" coveredstatements="5" conditionals="0" coveredconditionals="0" methods="0" coveredmethods="0"/>
        <line num="1" count="2" type="stmt"/>
        <line num="2" count="2" type="stmt"/>
        <line num="4" count="2" type="stmt"/>
        <line num="5" count="2" type="stmt"/>
        <line num="7" count="2" type="stmt"/>
      </file>
      <file name="job.routes.js" path="C:\Users\User\Desktop\javascript-platform-Oak\week-14\PO-Jobs-api\routes\job.routes.js">
        <metrics statements="10" coveredstatements="10" conditionals="0" coveredconditionals="0" methods="0" coveredmethods="0"/>
        <line num="1" count="2" type="stmt"/>
        <line num="2" count="2" type="stmt"/>
        <line num="3" count="2" type="stmt"/>
        <line num="4" count="2" type="stmt"/>
        <line num="6" count="2" type="stmt"/>
        <line num="8" count="2" type="stmt"/>
        <line num="9" count="2" type="stmt"/>
        <line num="10" count="2" type="stmt"/>
        <line num="11" count="2" type="stmt"/>
        <line num="13" count="2" type="stmt"/>
      </file>
    </package>
  </project>
</coverage>
